# JRE version: 7.0_17-b02
# Java VM: Java HotSpot(TM) 64-Bit Server VM (23.7-b01 mixed mode windows-amd64 compressed oops)
Heap
 PSYoungGen      total 108096K, used 6236K [0x00000000eb2b0000, 0x00000000f6030000, 0x0000000100000000)
  eden space 102528K, 0% used [0x00000000eb2b0000,0x00000000eb35bda0,0x00000000f16d0000)
  from space 5568K, 99% used [0x00000000f16d0000,0x00000000f1c3b600,0x00000000f1c40000)
  to   space 6784K, 0% used [0x00000000f5990000,0x00000000f5990000,0x00000000f6030000)
 ParOldGen       total 42624K, used 6584K [0x00000000c1800000, 0x00000000c41a0000, 0x00000000eb2b0000)
  object space 42624K, 15% used [0x00000000c1800000,0x00000000c1e6e2d8,0x00000000c41a0000)
 PSPermGen       total 21824K, used 21657K [0x00000000bc600000, 0x00000000bdb50000, 0x00000000c1800000)
  object space 21824K, 99% used [0x00000000bc600000,0x00000000bdb267f0,0x00000000bdb50000)
GC Heap History (10 events):
Event: 3.054 GC heap before
{Heap before GC invocations=7 (full 0):
 PSYoungGen      total 36928K, used 34728K [0x00000000eb2b0000, 0x00000000edbd0000, 0x0000000100000000)
  eden space 32128K, 99% used [0x00000000eb2b0000,0x00000000ed1f6de8,0x00000000ed210000)
  from space 4800K, 56% used [0x00000000ed720000,0x00000000ed9c33c8,0x00000000edbd0000)
  to   space 4992K, 0% used [0x00000000ed210000,0x00000000ed210000,0x00000000ed6f0000)
 ParOldGen       total 42624K, used 3230K [0x00000000c1800000, 0x00000000c41a0000, 0x00000000eb2b0000)
  object space 42624K, 7% used [0x00000000c1800000,0x00000000c1b278e0,0x00000000c41a0000)
 PSPermGen       total 21248K, used 17881K [0x00000000bc600000, 0x00000000bdac0000, 0x00000000c1800000)
  object space 21248K, 84% used [0x00000000bc600000,0x00000000bd776780,0x00000000bdac0000)
Event: 3.061 GC heap after
Heap after GC invocations=7 (full 0):
 PSYoungGen      total 37120K, used 650K [0x00000000eb2b0000, 0x00000000efbd0000, 0x0000000100000000)
  eden space 32128K, 0% used [0x00000000eb2b0000,0x00000000eb2b0000,0x00000000ed210000)
  from space 4992K, 13% used [0x00000000ed210000,0x00000000ed2b2878,0x00000000ed6f0000)
  to   space 5312K, 0% used [0x00000000ef6a0000,0x00000000ef6a0000,0x00000000efbd0000)
 ParOldGen       total 42624K, used 5301K [0x00000000c1800000, 0x00000000c41a0000, 0x00000000eb2b0000)
  object space 42624K, 12% used [0x00000000c1800000,0x00000000c1d2d548,0x00000000c41a0000)
 PSPermGen       total 21248K, used 17881K [0x00000000bc600000, 0x00000000bdac0000, 0x00000000c1800000)
  object space 21248K, 84% used [0x00000000bc600000,0x00000000bd776780,0x00000000bdac0000)
}
Event: 3.072 GC heap before
{Heap before GC invocations=8 (full 0):
 PSYoungGen      total 37120K, used 32744K [0x00000000eb2b0000, 0x00000000efbd0000, 0x0000000100000000)
  eden space 32128K, 99% used [0x00000000eb2b0000,0x00000000ed2079d8,0x00000000ed210000)
  from space 4992K, 13% used [0x00000000ed210000,0x00000000ed2b2878,0x00000000ed6f0000)
  to   space 5312K, 0% used [0x00000000ef6a0000,0x00000000ef6a0000,0x00000000efbd0000)
 ParOldGen       total 42624K, used 5301K [0x00000000c1800000, 0x00000000c41a0000, 0x00000000eb2b0000)
  object space 42624K, 12% used [0x00000000c1800000,0x00000000c1d2d548,0x00000000c41a0000)
 PSPermGen       total 21248K, used 17881K [0x00000000bc600000, 0x00000000bdac0000, 0x00000000c1800000)
  object space 21248K, 84% used [0x00000000bc600000,0x00000000bd776780,0x00000000bdac0000)
Event: 3.073 GC heap after
Heap after GC invocations=8 (full 0):
 PSYoungGen      total 69376K, used 125K [0x00000000eb2b0000, 0x00000000efc30000, 0x0000000100000000)
  eden space 64064K, 0% used [0x00000000eb2b0000,0x00000000eb2b0000,0x00000000ef140000)
  from space 5312K, 2% used [0x00000000ef6a0000,0x00000000ef6bf618,0x00000000efbd0000)
  to   space 5504K, 0% used [0x00000000ef140000,0x00000000ef140000,0x00000000ef6a0000)
 ParOldGen       total 42624K, used 5805K [0x00000000c1800000, 0x00000000c41a0000, 0x00000000eb2b0000)
  object space 42624K, 13% used [0x00000000c1800000,0x00000000c1dab510,0x00000000c41a0000)
 PSPermGen       total 21248K, used 17881K [0x00000000bc600000, 0x00000000bdac0000, 0x00000000c1800000)
  object space 21248K, 84% used [0x00000000bc600000,0x00000000bd776780,0x00000000bdac0000)
}
Event: 3.109 GC heap before
{Heap before GC invocations=9 (full 0):
 PSYoungGen      total 69376K, used 64094K [0x00000000eb2b0000, 0x00000000efc30000, 0x0000000100000000)
  eden space 64064K, 99% used [0x00000000eb2b0000,0x00000000ef128428,0x00000000ef140000)
  from space 5312K, 2% used [0x00000000ef6a0000,0x00000000ef6bf618,0x00000000efbd0000)
  to   space 5504K, 0% used [0x00000000ef140000,0x00000000ef140000,0x00000000ef6a0000)
 ParOldGen       total 42624K, used 5805K [0x00000000c1800000, 0x00000000c41a0000, 0x00000000eb2b0000)
  object space 42624K, 13% used [0x00000000c1800000,0x00000000c1dab510,0x00000000c41a0000)
 PSPermGen       total 21248K, used 17881K [0x00000000bc600000, 0x00000000bdac0000, 0x00000000c1800000)
  object space 21248K, 84% used [0x00000000bc600000,0x00000000bd776780,0x00000000bdac0000)
Event: 3.110 GC heap after
Heap after GC invocations=9 (full 0):
 PSYoungGen      total 69568K, used 314K [0x00000000eb2b0000, 0x00000000f21b0000, 0x0000000100000000)
  eden space 64064K, 0% used [0x00000000eb2b0000,0x00000000eb2b0000,0x00000000ef140000)
  from space 5504K, 5% used [0x00000000ef140000,0x00000000ef18ea70,0x00000000ef6a0000)
  to   space 5568K, 0% used [0x00000000f1c40000,0x00000000f1c40000,0x00000000f21b0000)
 ParOldGen       total 42624K, used 5805K [0x00000000c1800000, 0x00000000c41a0000, 0x00000000eb2b0000)
  object space 42624K, 13% used [0x00000000c1800000,0x00000000c1dab510,0x00000000c41a0000)
 PSPermGen       total 21248K, used 17881K [0x00000000bc600000, 0x00000000bdac0000, 0x00000000c1800000)
  object space 21248K, 84% used [0x00000000bc600000,0x00000000bd776780,0x00000000bdac0000)
}
Event: 3.131 GC heap before
{Heap before GC invocations=10 (full 0):
 PSYoungGen      total 69568K, used 64365K [0x00000000eb2b0000, 0x00000000f21b0000, 0x0000000100000000)
  eden space 64064K, 99% used [0x00000000eb2b0000,0x00000000ef13ccf0,0x00000000ef140000)
  from space 5504K, 5% used [0x00000000ef140000,0x00000000ef18ea70,0x00000000ef6a0000)
  to   space 5568K, 0% used [0x00000000f1c40000,0x00000000f1c40000,0x00000000f21b0000)
 ParOldGen       total 42624K, used 5805K [0x00000000c1800000, 0x00000000c41a0000, 0x00000000eb2b0000)
  object space 42624K, 13% used [0x00000000c1800000,0x00000000c1dab510,0x00000000c41a0000)
 PSPermGen       total 21248K, used 17881K [0x00000000bc600000, 0x00000000bdac0000, 0x00000000c1800000)
  object space 21248K, 84% used [0x00000000bc600000,0x00000000bd776780,0x00000000bdac0000)
Event: 3.132 GC heap after
Heap after GC invocations=10 (full 0):
 PSYoungGen      total 108096K, used 367K [0x00000000eb2b0000, 0x00000000f21b0000, 0x0000000100000000)
  eden space 102528K, 0% used [0x00000000eb2b0000,0x00000000eb2b0000,0x00000000f16d0000)
  from space 5568K, 6% used [0x00000000f1c40000,0x00000000f1c9bd60,0x00000000f21b0000)
  to   space 5568K, 0% used [0x00000000f16d0000,0x00000000f16d0000,0x00000000f1c40000)
 ParOldGen       total 42624K, used 5805K [0x00000000c1800000, 0x00000000c41a0000, 0x00000000eb2b0000)
  object space 42624K, 13% used [0x00000000c1800000,0x00000000c1dab510,0x00000000c41a0000)
 PSPermGen       total 21248K, used 17881K [0x00000000bc600000, 0x00000000bdac0000, 0x00000000c1800000)
  object space 21248K, 84% used [0x00000000bc600000,0x00000000bd776780,0x00000000bdac0000)
}
Event: 27.436 GC heap before
{Heap before GC invocations=11 (full 0):
 PSYoungGen      total 108096K, used 102895K [0x00000000eb2b0000, 0x00000000f21b0000, 0x0000000100000000)
  eden space 102528K, 100% used [0x00000000eb2b0000,0x00000000f16d0000,0x00000000f16d0000)
  from space 5568K, 6% used [0x00000000f1c40000,0x00000000f1c9bd60,0x00000000f21b0000)
  to   space 5568K, 0% used [0x00000000f16d0000,0x00000000f16d0000,0x00000000f1c40000)
 ParOldGen       total 42624K, used 5805K [0x00000000c1800000, 0x00000000c41a0000, 0x00000000eb2b0000)
  object space 42624K, 13% used [0x00000000c1800000,0x00000000c1dab510,0x00000000c41a0000)
 PSPermGen       total 21824K, used 21656K [0x00000000bc600000, 0x00000000bdb50000, 0x00000000c1800000)
  object space 21824K, 99% used [0x00000000bc600000,0x00000000bdb26368,0x00000000bdb50000)
Event: 27.453 GC heap after
Heap after GC invocations=11 (full 0):
 PSYoungGen      total 108096K, used 5549K [0x00000000eb2b0000, 0x00000000f6030000, 0x0000000100000000)
  eden space 102528K, 0% used [0x00000000eb2b0000,0x00000000eb2b0000,0x00000000f16d0000)
  from space 5568K, 99% used [0x00000000f16d0000,0x00000000f1c3b600,0x00000000f1c40000)
  to   space 6784K, 0% used [0x00000000f5990000,0x00000000f5990000,0x00000000f6030000)
 ParOldGen       total 42624K, used 6584K [0x00000000c1800000, 0x00000000c41a0000, 0x00000000eb2b0000)
  object space 42624K, 15% used [0x00000000c1800000,0x00000000c1e6e2d8,0x00000000c41a0000)
 PSPermGen       total 21824K, used 21656K [0x00000000bc600000, 0x00000000bdb50000, 0x00000000c1800000)
  object space 21824K, 99% used [0x00000000bc600000,0x00000000bdb26368,0x00000000bdb50000)
}

